0 info it worked if it ends with ok
1 verbose cli [ 'C:\\Program Files\\nodejs\\node.exe',
1 verbose cli   'C:\\Program Files\\nodejs\\node_modules\\npm\\bin\\npm-cli.js',
1 verbose cli   'install',
1 verbose cli   '--save',
1 verbose cli   'botbuilder' ]
2 info using npm@2.15.0
3 info using node@v4.4.2
4 verbose install initial load of D:\User\Documents\nodejs\hello_bot_world\package.json
5 warn package.json hello_bot_world@0.1.0 No README data
6 verbose readDependencies loading dependencies from D:\User\Documents\nodejs\hello_bot_world\package.json
7 silly cache add args [ 'botbuilder', null ]
8 verbose cache add spec botbuilder
9 silly cache add parsed spec Result {
9 silly cache add   raw: 'botbuilder',
9 silly cache add   scope: null,
9 silly cache add   name: 'botbuilder',
9 silly cache add   rawSpec: '',
9 silly cache add   spec: 'latest',
9 silly cache add   type: 'tag' }
10 silly addNamed botbuilder@latest
11 verbose addNamed "latest" is being treated as a dist-tag for botbuilder
12 info addNameTag [ 'botbuilder', 'latest' ]
13 silly mapToRegistry name botbuilder
14 silly mapToRegistry using default registry
15 silly mapToRegistry registry https://registry.npmjs.org/
16 silly mapToRegistry data Result {
16 silly mapToRegistry   raw: 'botbuilder',
16 silly mapToRegistry   scope: null,
16 silly mapToRegistry   name: 'botbuilder',
16 silly mapToRegistry   rawSpec: '',
16 silly mapToRegistry   spec: 'latest',
16 silly mapToRegistry   type: 'tag' }
17 silly mapToRegistry uri https://registry.npmjs.org/botbuilder
18 verbose addNameTag registry:https://registry.npmjs.org/botbuilder not in flight; fetching
19 verbose request uri https://registry.npmjs.org/botbuilder
20 verbose request no auth needed
21 info attempt registry request try #1 at 11:46:13 AM
22 verbose request id ff36e2cc04ba10a1
23 http request GET https://registry.npmjs.org/botbuilder
24 info retry will retry, error on last attempt: Error: getaddrinfo EAI_AGAIN registry.npmjs.org:443
25 info attempt registry request try #2 at 11:46:33 AM
26 http request GET https://registry.npmjs.org/botbuilder
27 info retry will retry, error on last attempt: Error: getaddrinfo ENOTFOUND registry.npmjs.org registry.npmjs.org:443
28 info attempt registry request try #3 at 11:47:33 AM
29 http request GET https://registry.npmjs.org/botbuilder
30 verbose stack Error: getaddrinfo ENOTFOUND registry.npmjs.org registry.npmjs.org:443
30 verbose stack     at errnoException (dns.js:27:10)
30 verbose stack     at GetAddrInfoReqWrap.onlookup [as oncomplete] (dns.js:78:26)
31 verbose cwd D:\User\Documents\nodejs\hello_bot_world
32 error Windows_NT 6.3.9600
33 error argv "C:\\Program Files\\nodejs\\node.exe" "C:\\Program Files\\nodejs\\node_modules\\npm\\bin\\npm-cli.js" "install" "--save" "botbuilder"
34 error node v4.4.2
35 error npm  v2.15.0
36 error code ENOTFOUND
37 error errno ENOTFOUND
38 error syscall getaddrinfo
39 error network getaddrinfo ENOTFOUND registry.npmjs.org registry.npmjs.org:443
39 error network This is most likely not a problem with npm itself
39 error network and is related to network connectivity.
39 error network In most cases you are behind a proxy or have bad network settings.
39 error network
39 error network If you are behind a proxy, please make sure that the
39 error network 'proxy' config is set properly.  See: 'npm help config'
40 verbose exit [ 1, true ]
